2024-02-10 04:12:16.803 [info] Reading sessions from keychain...
2024-02-10 04:12:16.803 [info] Getting sessions for all scopes...
2024-02-10 04:12:16.803 [info] Getting sessions for user:email...
2024-02-10 04:12:16.803 [info] Got stored sessions!
2024-02-10 04:12:16.803 [info] Got 6 verified sessions.
2024-02-10 04:12:16.803 [info] Got 6 sessions for ...
2024-02-10 04:12:16.803 [info] Got 1 sessions for user:email...
2024-02-10 04:12:16.807 [info] Getting sessions for all scopes...
2024-02-10 04:12:16.807 [info] Got 6 sessions for ...
2024-02-10 04:12:16.974 [info] Getting sessions for codespace,read:user,repo,user:email...
2024-02-10 04:12:16.974 [info] Got 1 sessions for codespace,read:user,repo,user:email...
2024-02-10 04:12:17.469 [info] Getting sessions for all scopes...
2024-02-10 04:12:17.469 [info] Got 6 sessions for ...
2024-02-10 04:12:17.627 [info] Getting sessions for all scopes...
2024-02-10 04:12:17.627 [info] Got 6 sessions for ...
2024-02-10 04:12:19.436 [info] Getting sessions for all scopes...
2024-02-10 04:12:19.436 [info] Got 6 sessions for ...
2024-02-10 04:12:19.645 [info] Getting sessions for all scopes...
2024-02-10 04:12:19.646 [info] Got 6 sessions for ...
2024-02-10 04:12:21.054 [info] Getting sessions for all scopes...
2024-02-10 04:12:21.055 [info] Got 6 sessions for ...
2024-02-10 04:12:21.378 [info] Getting sessions for read:user...
2024-02-10 04:12:21.378 [info] Getting sessions for all scopes...
2024-02-10 04:12:21.379 [info] Got 1 sessions for read:user...
2024-02-10 04:12:21.383 [info] Got 6 sessions for ...
2024-02-10 04:12:21.573 [info] Getting sessions for project,read:org,read:user,repo,user:email,workflow...
2024-02-10 04:12:21.573 [info] Got 0 sessions for project,read:org,read:user,repo,user:email,workflow...
2024-02-10 04:12:22.183 [info] Getting sessions for user:email...
2024-02-10 04:12:22.183 [info] Got 1 sessions for user:email...
2024-02-10 04:12:22.548 [info] Getting sessions for read:user,repo,user:email,workflow...
2024-02-10 04:12:22.548 [info] Getting sessions for read:user,repo,user:email,workflow...
2024-02-10 04:12:22.549 [info] Got 1 sessions for read:user,repo,user:email,workflow...
2024-02-10 04:12:22.549 [info] Got 1 sessions for read:user,repo,user:email,workflow...
2024-02-10 04:12:24.761 [info] Getting sessions for read:user,repo,user:email,workflow...
2024-02-10 04:12:24.762 [info] Got 1 sessions for read:user,repo,user:email,workflow...
2024-02-10 04:12:27.544 [info] Getting sessions for read:user,repo,user:email,workflow...
2024-02-10 04:12:27.544 [info] Got 1 sessions for read:user,repo,user:email,workflow...
