2024-02-10 04:15:10.387 [info] Reading sessions from keychain...
2024-02-10 04:15:10.388 [info] Getting sessions for all scopes...
2024-02-10 04:15:10.388 [info] Getting sessions for user:email...
2024-02-10 04:15:10.388 [info] Got stored sessions!
2024-02-10 04:15:10.389 [info] Got 6 verified sessions.
2024-02-10 04:15:10.389 [info] Got 6 sessions for ...
2024-02-10 04:15:10.389 [info] Got 1 sessions for user:email...
2024-02-10 04:15:10.429 [info] Getting sessions for all scopes...
2024-02-10 04:15:10.429 [info] Got 6 sessions for ...
2024-02-10 04:15:10.467 [info] Getting sessions for codespace,read:user,repo,user:email...
2024-02-10 04:15:10.467 [info] Got 1 sessions for codespace,read:user,repo,user:email...
2024-02-10 04:15:10.474 [info] Getting sessions for all scopes...
2024-02-10 04:15:10.474 [info] Got 6 sessions for ...
2024-02-10 04:15:12.558 [info] Getting sessions for all scopes...
2024-02-10 04:15:12.558 [info] Got 6 sessions for ...
2024-02-10 04:15:13.568 [info] Getting sessions for all scopes...
2024-02-10 04:15:13.569 [info] Got 6 sessions for ...
2024-02-10 04:15:13.742 [info] Getting sessions for all scopes...
2024-02-10 04:15:13.742 [info] Got 6 sessions for ...
2024-02-10 04:15:14.850 [info] Getting sessions for all scopes...
2024-02-10 04:15:14.851 [info] Got 6 sessions for ...
2024-02-10 04:15:15.376 [info] Getting sessions for read:user...
2024-02-10 04:15:15.376 [info] Getting sessions for all scopes...
2024-02-10 04:15:15.376 [info] Got 1 sessions for read:user...
2024-02-10 04:15:15.377 [info] Got 6 sessions for ...
2024-02-10 04:15:15.870 [info] Getting sessions for user:email...
2024-02-10 04:15:15.871 [info] Getting sessions for project,read:org,read:user,repo,user:email,workflow...
2024-02-10 04:15:15.871 [info] Got 1 sessions for user:email...
2024-02-10 04:15:15.872 [info] Got 0 sessions for project,read:org,read:user,repo,user:email,workflow...
2024-02-10 04:15:18.155 [info] Getting sessions for read:user,repo,user:email,workflow...
2024-02-10 04:15:18.155 [info] Got 1 sessions for read:user,repo,user:email,workflow...
2024-02-10 04:15:21.389 [info] Getting sessions for read:user,repo,user:email,workflow...
2024-02-10 04:15:21.389 [info] Got 1 sessions for read:user,repo,user:email,workflow...
