2024-02-10 04:51:00.189 [info] Reading sessions from keychain...
2024-02-10 04:51:00.189 [info] Getting sessions for all scopes...
2024-02-10 04:51:00.189 [info] Getting sessions for user:email...
2024-02-10 04:51:00.189 [info] Getting sessions for all scopes...
2024-02-10 04:51:00.189 [info] Got stored sessions!
2024-02-10 04:51:00.189 [info] Got 6 verified sessions.
2024-02-10 04:51:00.189 [info] Got 6 sessions for ...
2024-02-10 04:51:00.189 [info] Got 1 sessions for user:email...
2024-02-10 04:51:00.189 [info] Got 6 sessions for ...
2024-02-10 04:51:00.537 [info] Getting sessions for codespace,read:user,repo,user:email...
2024-02-10 04:51:00.538 [info] Getting sessions for all scopes...
2024-02-10 04:51:00.538 [info] Got 1 sessions for codespace,read:user,repo,user:email...
2024-02-10 04:51:00.539 [info] Got 6 sessions for ...
2024-02-10 04:51:01.178 [info] Getting sessions for all scopes...
2024-02-10 04:51:01.179 [info] Got 6 sessions for ...
2024-02-10 04:51:03.500 [info] Getting sessions for all scopes...
2024-02-10 04:51:03.500 [info] Got 6 sessions for ...
2024-02-10 04:51:05.159 [info] Getting sessions for all scopes...
2024-02-10 04:51:05.160 [info] Got 6 sessions for ...
2024-02-10 04:51:05.446 [info] Getting sessions for read:user...
2024-02-10 04:51:05.446 [info] Getting sessions for all scopes...
2024-02-10 04:51:05.447 [info] Got 1 sessions for read:user...
2024-02-10 04:51:05.448 [info] Got 6 sessions for ...
2024-02-10 04:51:05.542 [info] Getting sessions for project,read:org,read:user,repo,user:email,workflow...
2024-02-10 04:51:05.542 [info] Getting sessions for all scopes...
2024-02-10 04:51:05.542 [info] Got 0 sessions for project,read:org,read:user,repo,user:email,workflow...
2024-02-10 04:51:05.542 [info] Got 6 sessions for ...
2024-02-10 04:51:05.796 [info] Getting sessions for user:email...
2024-02-10 04:51:05.796 [info] Got 1 sessions for user:email...
2024-02-10 04:51:06.058 [info] Getting sessions for read:user,repo,user:email,workflow...
2024-02-10 04:51:06.058 [info] Got 1 sessions for read:user,repo,user:email,workflow...
2024-02-10 04:51:10.202 [info] Getting sessions for read:user,repo,user:email,workflow...
2024-02-10 04:51:10.203 [info] Got 1 sessions for read:user,repo,user:email,workflow...
