[2024-02-10 04:12:15.435] Starting Git Graph ...
[2024-02-10 04:12:15.487] Using git (version: 2.43.0)
[2024-02-10 04:12:15.496] Started Git Graph - Ready to use!
[2024-02-10 04:12:15.497] Searching workspace for new repos ...
[2024-02-10 04:12:15.506] > git rev-parse --show-toplevel
[2024-02-10 04:12:15.513] Completed searching workspace for new repos
[2024-02-10 04:12:16.081] Successfully set Visual Studio Code Context "git-graph:codiconsSupported" to "true"
[2024-02-10 04:12:18.952] > git rev-parse --show-toplevel
[2024-02-10 04:12:19.640] > git rev-parse --show-toplevel
[2024-02-10 04:12:24.729] > git rev-parse --show-toplevel
[2024-02-10 04:12:25.326] > git rev-parse --show-toplevel
[2024-02-10 04:12:25.601] > git rev-parse --show-toplevel
[2024-02-10 04:12:25.641] > git rev-parse --show-toplevel
[2024-02-10 04:12:25.680] > git rev-parse --show-toplevel
[2024-02-10 04:12:25.764] > git rev-parse --show-toplevel
[2024-02-10 04:13:43.402] > git rev-parse --show-toplevel
[2024-02-10 04:13:43.446] > git rev-parse --show-toplevel
[2024-02-10 04:13:48.721] > git rev-parse --show-toplevel
[2024-02-10 04:13:48.786] > git rev-parse --show-toplevel
[2024-02-10 04:13:51.463] > git rev-parse --show-toplevel
[2024-02-10 04:13:51.503] > git rev-parse --show-toplevel
[2024-02-10 04:13:53.659] > git rev-parse --show-toplevel
[2024-02-10 04:13:53.703] > git rev-parse --show-toplevel
[2024-02-10 04:13:53.763] > git rev-parse --show-toplevel
[2024-02-10 04:13:53.811] > git rev-parse --show-toplevel
[2024-02-10 04:13:53.851] > git rev-parse --show-toplevel
[2024-02-10 04:14:28.268] > git rev-parse --show-toplevel
[2024-02-10 04:14:50.610] > git rev-parse --show-toplevel
[2024-02-10 04:14:50.657] > git rev-parse --show-toplevel
[2024-02-10 04:14:50.737] > git rev-parse --show-toplevel
[2024-02-10 04:14:50.929] > git rev-parse --show-toplevel
[2024-02-10 04:14:50.977] > git rev-parse --show-toplevel
[2024-02-10 04:14:50.982] Added new repo: /home/vscode/.progate/origins/8bD7b83bnNigx1-MPlVyv/self_introduction
[2024-02-10 04:14:51.020] > git rev-parse --show-toplevel
[2024-02-10 04:14:51.031] Showing "Git Graph" Status Bar Item
[2024-02-10 04:15:07.261] > git rev-parse --show-toplevel
[2024-02-10 04:15:07.294] > git rev-parse --show-toplevel
[2024-02-10 04:15:11.753] > git rev-parse --show-toplevel
[2024-02-10 04:15:11.822] > git rev-parse --show-toplevel
[2024-02-10 04:15:15.025] > git rev-parse --show-toplevel
[2024-02-10 04:15:15.103] > git rev-parse --show-toplevel
[2024-02-10 04:15:15.172] > git rev-parse --show-toplevel
[2024-02-10 04:15:16.835] > git rev-parse --show-toplevel
[2024-02-10 04:15:16.885] > git rev-parse --show-toplevel
[2024-02-10 04:15:19.702] > git rev-parse --show-toplevel
[2024-02-10 04:15:19.741] > git rev-parse --show-toplevel
[2024-02-10 04:20:19.763] > git rev-parse --show-toplevel
[2024-02-10 04:20:19.772] Added new repo: /home/vscode/progate_path/self_introduction_commit/self_introduction
[2024-02-10 04:21:19.714] > git rev-parse --show-toplevel
[2024-02-10 04:21:19.742] > git rev-parse --show-toplevel
[2024-02-10 04:21:19.769] > git rev-parse --show-toplevel
[2024-02-10 04:21:19.796] > git rev-parse --show-toplevel
