2024-02-10 04:49:27.487 [info] Reading sessions from keychain...
2024-02-10 04:49:27.487 [info] Getting sessions for all scopes...
2024-02-10 04:49:27.488 [info] Getting sessions for user:email...
2024-02-10 04:49:27.488 [info] Got stored sessions!
2024-02-10 04:49:27.488 [info] Got 6 verified sessions.
2024-02-10 04:49:27.488 [info] Got 6 sessions for ...
2024-02-10 04:49:27.489 [info] Got 1 sessions for user:email...
2024-02-10 04:49:27.511 [info] Getting sessions for all scopes...
2024-02-10 04:49:27.511 [info] Got 6 sessions for ...
2024-02-10 04:49:27.601 [info] Getting sessions for codespace,read:user,repo,user:email...
2024-02-10 04:49:27.601 [info] Getting sessions for all scopes...
2024-02-10 04:49:27.601 [info] Got 1 sessions for codespace,read:user,repo,user:email...
2024-02-10 04:49:27.601 [info] Got 6 sessions for ...
2024-02-10 04:49:28.170 [info] Getting sessions for all scopes...
2024-02-10 04:49:28.170 [info] Got 6 sessions for ...
2024-02-10 04:49:30.438 [info] Getting sessions for all scopes...
2024-02-10 04:49:30.438 [info] Got 6 sessions for ...
2024-02-10 04:49:30.701 [info] Getting sessions for all scopes...
2024-02-10 04:49:30.702 [info] Got 6 sessions for ...
2024-02-10 04:49:33.049 [info] Getting sessions for all scopes...
2024-02-10 04:49:33.051 [info] Got 6 sessions for ...
2024-02-10 04:49:33.752 [info] Getting sessions for read:user...
2024-02-10 04:49:33.756 [info] Getting sessions for all scopes...
2024-02-10 04:49:33.756 [info] Got 1 sessions for read:user...
2024-02-10 04:49:33.757 [info] Got 6 sessions for ...
2024-02-10 04:49:33.999 [info] Getting sessions for project,read:org,read:user,repo,user:email,workflow...
2024-02-10 04:49:33.999 [info] Getting sessions for user:email...
2024-02-10 04:49:34.000 [info] Got 0 sessions for project,read:org,read:user,repo,user:email,workflow...
2024-02-10 04:49:34.000 [info] Got 1 sessions for user:email...
2024-02-10 04:49:37.249 [info] Getting sessions for read:user,repo,user:email,workflow...
2024-02-10 04:49:37.249 [info] Got 1 sessions for read:user,repo,user:email,workflow...
2024-02-10 04:49:39.459 [info] Getting sessions for read:user,repo,user:email,workflow...
2024-02-10 04:49:39.459 [info] Got 1 sessions for read:user,repo,user:email,workflow...
2024-02-10 04:49:43.776 [info] Getting sessions for read:user...
2024-02-10 04:49:43.777 [info] Got 1 sessions for read:user...
