2024-02-10 04:15:13.722 [info] ログ レベル: Info
2024-02-10 04:15:13.722 [info] Git の検証が検出されました: "git"
2024-02-10 04:15:13.722 [info] "git" から Git "2.43.0" を使用しています
2024-02-10 04:15:13.722 [info] > git rev-parse --show-toplevel [38ms]
2024-02-10 04:15:13.722 [info] fatal: not a git repository (or any of the parent directories): .git
2024-02-10 04:15:13.722 [info] > git rev-parse --show-toplevel [9ms]
2024-02-10 04:15:13.722 [info] fatal: not a git repository (or any of the parent directories): .git
2024-02-10 04:15:13.722 [info] > git rev-parse --show-toplevel [43ms]
2024-02-10 04:15:13.722 [info] fatal: not a git repository (or any of the parent directories): .git
2024-02-10 04:15:14.843 [info] > git rev-parse --show-toplevel [1102ms]
2024-02-10 04:15:14.844 [info] fatal: not a git repository (or any of the parent directories): .git
2024-02-10 04:19:35.468 [info] > git rev-parse --show-toplevel [3ms]
2024-02-10 04:19:35.523 [info] > git rev-parse --git-dir --git-common-dir [3ms]
2024-02-10 04:19:35.546 [info] Open repository: /home/vscode/progate_path/self_introduction_commit/self_introduction
2024-02-10 04:19:35.676 [info] No remotes found in the git config file.
2024-02-10 04:19:35.678 [info] > git config --get commit.template [69ms]
2024-02-10 04:19:35.680 [info] > git for-each-ref --format=%(refname)%00%(upstream:short)%00%(objectname)%00%(upstream:track)%00%(upstream:remotename)%00%(upstream:remoteref) refs/heads/main refs/remotes/main [6ms]
2024-02-10 04:19:35.742 [info] > git status -z -uall [3ms]
2024-02-10 04:19:35.876 [info] No remotes found in the git config file.
2024-02-10 04:19:35.941 [info] > git for-each-ref --format=%(refname)%00%(upstream:short)%00%(objectname)%00%(upstream:track)%00%(upstream:remotename)%00%(upstream:remoteref) refs/heads/main refs/remotes/main [65ms]
2024-02-10 04:19:35.942 [info] > git config --get commit.template [120ms]
2024-02-10 04:19:36.004 [info] > git status -z -uall [9ms]
2024-02-10 04:19:36.230 [info] > git config --local branch.main.github-pr-owner-number [2ms]
2024-02-10 04:19:36.287 [info] > git config --local branch.main.remote [3ms]
2024-02-10 04:19:57.653 [info] No remotes found in the git config file.
2024-02-10 04:19:57.654 [info] > git config --get commit.template [36ms]
2024-02-10 04:19:57.655 [info] > git for-each-ref --format=%(refname)%00%(upstream:short)%00%(objectname)%00%(upstream:track)%00%(upstream:remotename)%00%(upstream:remoteref) refs/heads/main refs/remotes/main [2ms]
2024-02-10 04:19:57.691 [info] > git status -z -uall [2ms]
2024-02-10 04:20:03.355 [info] No remotes found in the git config file.
2024-02-10 04:20:03.356 [info] > git config --get commit.template [36ms]
2024-02-10 04:20:03.357 [info] > git for-each-ref --format=%(refname)%00%(upstream:short)%00%(objectname)%00%(upstream:track)%00%(upstream:remotename)%00%(upstream:remoteref) refs/heads/main refs/remotes/main [2ms]
2024-02-10 04:20:03.393 [info] > git status -z -uall [2ms]
2024-02-10 04:20:03.434 [info] > git config --local branch.main.github-pr-owner-number [3ms]
2024-02-10 04:20:03.470 [info] > git config --local branch.main.remote [3ms]
2024-02-10 04:20:15.066 [info] > git check-ignore -v -z --stdin [2ms]
2024-02-10 04:20:16.895 [info] > git check-ignore -v -z --stdin [2ms]
2024-02-10 04:20:18.477 [info] > git show --textconv :src/favorite_food.md [57ms]
2024-02-10 04:20:18.479 [info] > git ls-files --stage -- /home/vscode/progate_path/self_introduction_commit/self_introduction/src/favorite_food.md [6ms]
2024-02-10 04:20:18.522 [info] > git cat-file -s f5033617eeed106b96d7206b522114e8323b4198 [3ms]
2024-02-10 04:20:24.455 [info] No remotes found in the git config file.
2024-02-10 04:20:24.456 [info] > git for-each-ref --format=%(refname)%00%(upstream:short)%00%(objectname)%00%(upstream:track)%00%(upstream:remotename)%00%(upstream:remoteref) refs/heads/main refs/remotes/main [1ms]
2024-02-10 04:20:24.457 [info] > git config --get commit.template [39ms]
2024-02-10 04:20:24.497 [info] > git status -z -uall [3ms]
2024-02-10 04:20:29.575 [info] No remotes found in the git config file.
2024-02-10 04:20:29.576 [info] > git config --get commit.template [36ms]
2024-02-10 04:20:29.577 [info] > git for-each-ref --format=%(refname)%00%(upstream:short)%00%(objectname)%00%(upstream:track)%00%(upstream:remotename)%00%(upstream:remoteref) refs/heads/main refs/remotes/main [2ms]
2024-02-10 04:20:29.614 [info] > git status -z -uall [2ms]
2024-02-10 04:20:34.915 [info] No remotes found in the git config file.
2024-02-10 04:20:34.916 [info] > git config --get commit.template [47ms]
2024-02-10 04:20:34.917 [info] > git for-each-ref --format=%(refname)%00%(upstream:short)%00%(objectname)%00%(upstream:track)%00%(upstream:remotename)%00%(upstream:remoteref) refs/heads/main refs/remotes/main [2ms]
2024-02-10 04:20:34.954 [info] > git status -z -uall [2ms]
2024-02-10 04:23:27.717 [info] > git config --get commit.template [2ms]
2024-02-10 04:23:27.753 [info] No remotes found in the git config file.
2024-02-10 04:23:27.754 [info] > git for-each-ref --format=%(refname)%00%(upstream:short)%00%(objectname)%00%(upstream:track)%00%(upstream:remotename)%00%(upstream:remoteref) refs/heads/main refs/remotes/main [2ms]
2024-02-10 04:23:27.792 [info] > git status -z -uall [3ms]
2024-02-10 04:23:28.010 [info] > git ls-files --stage -- /home/vscode/progate_path/self_introduction_commit/self_introduction/src/favorite_food.md [3ms]
2024-02-10 04:23:28.056 [info] > git cat-file -s 54d6a16a5fd3cf66e6e81d166982c96d644f5b7e [3ms]
2024-02-10 04:23:28.189 [info] > git show --textconv :src/favorite_food.md [2ms]
2024-02-10 04:24:08.566 [info] > git config --get commit.template [7ms]
2024-02-10 04:24:08.613 [info] No remotes found in the git config file.
2024-02-10 04:24:08.615 [info] > git for-each-ref --format=%(refname)%00%(upstream:short)%00%(objectname)%00%(upstream:track)%00%(upstream:remotename)%00%(upstream:remoteref) refs/heads/main refs/remotes/main [2ms]
2024-02-10 04:24:08.653 [info] > git status -z -uall [2ms]
2024-02-10 04:24:08.692 [info] > git config --local branch.main.github-pr-owner-number [2ms]
2024-02-10 04:24:08.764 [info] > git config --local branch.main.remote [37ms]
2024-02-10 04:24:08.765 [info] > git ls-files --stage -- /home/vscode/progate_path/self_introduction_commit/self_introduction/src/favorite_food.md [3ms]
2024-02-10 04:24:08.800 [info] > git cat-file -s 54d6a16a5fd3cf66e6e81d166982c96d644f5b7e [1ms]
2024-02-10 04:24:08.995 [info] > git show --textconv :src/favorite_food.md [3ms]
2024-02-10 04:24:35.602 [info] > git config --local branch.main.github-pr-owner-number [1ms]
2024-02-10 04:29:35.657 [info] > git config --local branch.main.github-pr-owner-number [2ms]
2024-02-10 04:34:35.719 [info] > git config --local branch.main.github-pr-owner-number [2ms]
2024-02-10 04:39:35.770 [info] > git config --local branch.main.github-pr-owner-number [2ms]
2024-02-10 04:44:35.840 [info] > git config --local branch.main.github-pr-owner-number [3ms]
2024-02-10 04:49:36.003 [info] > git config --local branch.main.github-pr-owner-number [6ms]
2024-02-10 04:54:36.048 [info] > git config --local branch.main.github-pr-owner-number [2ms]
2024-02-10 04:59:36.088 [info] > git config --local branch.main.github-pr-owner-number [2ms]
2024-02-10 05:04:36.149 [info] > git config --local branch.main.github-pr-owner-number [1ms]
