2024-02-10 04:26:09.608 [info] Reading sessions from keychain...
2024-02-10 04:26:09.616 [info] Getting sessions for all scopes...
2024-02-10 04:26:09.617 [info] Getting sessions for user:email...
2024-02-10 04:26:09.617 [info] Getting sessions for all scopes...
2024-02-10 04:26:09.618 [info] Got stored sessions!
2024-02-10 04:26:09.619 [info] Got 6 verified sessions.
2024-02-10 04:26:09.619 [info] Got 6 sessions for ...
2024-02-10 04:26:09.620 [info] Got 1 sessions for user:email...
2024-02-10 04:26:09.620 [info] Got 6 sessions for ...
2024-02-10 04:26:09.865 [info] Getting sessions for codespace,read:user,repo,user:email...
2024-02-10 04:26:09.865 [info] Getting sessions for all scopes...
2024-02-10 04:26:09.866 [info] Got 1 sessions for codespace,read:user,repo,user:email...
2024-02-10 04:26:09.866 [info] Got 6 sessions for ...
2024-02-10 04:26:11.318 [info] Getting sessions for all scopes...
2024-02-10 04:26:11.318 [info] Got 6 sessions for ...
2024-02-10 04:26:15.453 [info] Getting sessions for all scopes...
2024-02-10 04:26:15.454 [info] Got 6 sessions for ...
2024-02-10 04:26:15.814 [info] Getting sessions for read:user...
2024-02-10 04:26:15.814 [info] Getting sessions for all scopes...
2024-02-10 04:26:15.815 [info] Got 1 sessions for read:user...
2024-02-10 04:26:15.816 [info] Got 6 sessions for ...
2024-02-10 04:26:15.976 [info] Getting sessions for project,read:org,read:user,repo,user:email,workflow...
2024-02-10 04:26:15.976 [info] Getting sessions for all scopes...
2024-02-10 04:26:15.976 [info] Got 0 sessions for project,read:org,read:user,repo,user:email,workflow...
2024-02-10 04:26:15.977 [info] Got 6 sessions for ...
2024-02-10 04:26:16.122 [info] Getting sessions for all scopes...
2024-02-10 04:26:16.123 [info] Got 6 sessions for ...
2024-02-10 04:26:16.434 [info] Getting sessions for user:email...
2024-02-10 04:26:16.434 [info] Got 1 sessions for user:email...
2024-02-10 04:26:16.877 [info] Getting sessions for read:user,repo,user:email,workflow...
2024-02-10 04:26:16.877 [info] Got 1 sessions for read:user,repo,user:email,workflow...
2024-02-10 04:26:21.426 [info] Getting sessions for read:user,repo,user:email,workflow...
2024-02-10 04:26:21.426 [info] Got 1 sessions for read:user,repo,user:email,workflow...
