2024-02-10 04:28:18.532 [info] Reading sessions from keychain...
2024-02-10 04:28:18.532 [info] Getting sessions for all scopes...
2024-02-10 04:28:18.532 [info] Getting sessions for user:email...
2024-02-10 04:28:18.556 [info] Got stored sessions!
2024-02-10 04:28:18.556 [info] Got 6 verified sessions.
2024-02-10 04:28:18.556 [info] Got 6 sessions for ...
2024-02-10 04:28:18.556 [info] Got 1 sessions for user:email...
2024-02-10 04:28:18.558 [info] Getting sessions for all scopes...
2024-02-10 04:28:18.558 [info] Got 6 sessions for ...
2024-02-10 04:28:18.662 [info] Getting sessions for codespace,read:user,repo,user:email...
2024-02-10 04:28:18.662 [info] Got 1 sessions for codespace,read:user,repo,user:email...
2024-02-10 04:28:18.672 [info] Getting sessions for all scopes...
2024-02-10 04:28:18.672 [info] Got 6 sessions for ...
2024-02-10 04:28:19.476 [info] Getting sessions for all scopes...
2024-02-10 04:28:19.477 [info] Got 6 sessions for ...
2024-02-10 04:28:21.459 [info] Getting sessions for all scopes...
2024-02-10 04:28:21.459 [info] Got 6 sessions for ...
2024-02-10 04:28:22.437 [info] Getting sessions for all scopes...
2024-02-10 04:28:22.437 [info] Got 6 sessions for ...
2024-02-10 04:28:22.585 [info] Getting sessions for all scopes...
2024-02-10 04:28:22.586 [info] Got 6 sessions for ...
2024-02-10 04:28:24.033 [info] Getting sessions for all scopes...
2024-02-10 04:28:24.035 [info] Got 6 sessions for ...
2024-02-10 04:28:24.564 [info] Getting sessions for read:user...
2024-02-10 04:28:24.564 [info] Got 1 sessions for read:user...
2024-02-10 04:28:25.168 [info] Getting sessions for project,read:org,read:user,repo,user:email,workflow...
2024-02-10 04:28:25.168 [info] Getting sessions for user:email...
2024-02-10 04:28:25.169 [info] Got 0 sessions for project,read:org,read:user,repo,user:email,workflow...
2024-02-10 04:28:25.169 [info] Got 1 sessions for user:email...
2024-02-10 04:28:27.166 [info] Getting sessions for read:user,repo,user:email,workflow...
2024-02-10 04:28:27.166 [info] Got 1 sessions for read:user,repo,user:email,workflow...
2024-02-10 04:28:31.079 [info] Getting sessions for read:user,repo,user:email,workflow...
2024-02-10 04:28:31.079 [info] Got 1 sessions for read:user,repo,user:email,workflow...
