2024-02-10 04:13:47.232 [info] Reading sessions from keychain...
2024-02-10 04:13:47.232 [info] Getting sessions for all scopes...
2024-02-10 04:13:47.232 [info] Getting sessions for user:email...
2024-02-10 04:13:47.232 [info] Got stored sessions!
2024-02-10 04:13:47.232 [info] Got 6 verified sessions.
2024-02-10 04:13:47.232 [info] Got 6 sessions for ...
2024-02-10 04:13:47.232 [info] Got 1 sessions for user:email...
2024-02-10 04:13:47.232 [info] Getting sessions for all scopes...
2024-02-10 04:13:47.232 [info] Got 6 sessions for ...
2024-02-10 04:13:47.308 [info] Getting sessions for codespace,read:user,repo,user:email...
2024-02-10 04:13:47.308 [info] Got 1 sessions for codespace,read:user,repo,user:email...
2024-02-10 04:13:47.354 [info] Getting sessions for all scopes...
2024-02-10 04:13:47.354 [info] Got 6 sessions for ...
2024-02-10 04:13:49.209 [info] Getting sessions for all scopes...
2024-02-10 04:13:49.210 [info] Got 6 sessions for ...
2024-02-10 04:13:50.116 [info] Getting sessions for all scopes...
2024-02-10 04:13:50.116 [info] Got 6 sessions for ...
2024-02-10 04:13:50.272 [info] Getting sessions for all scopes...
2024-02-10 04:13:50.272 [info] Got 6 sessions for ...
2024-02-10 04:13:51.630 [info] Getting sessions for all scopes...
2024-02-10 04:13:51.631 [info] Got 6 sessions for ...
2024-02-10 04:13:52.053 [info] Getting sessions for read:user...
2024-02-10 04:13:52.053 [info] Getting sessions for all scopes...
2024-02-10 04:13:52.053 [info] Got 1 sessions for read:user...
2024-02-10 04:13:52.054 [info] Got 6 sessions for ...
2024-02-10 04:13:52.441 [info] Getting sessions for project,read:org,read:user,repo,user:email,workflow...
2024-02-10 04:13:52.441 [info] Got 0 sessions for project,read:org,read:user,repo,user:email,workflow...
2024-02-10 04:13:52.584 [info] Getting sessions for user:email...
2024-02-10 04:13:52.584 [info] Got 1 sessions for user:email...
2024-02-10 04:13:53.078 [info] Getting sessions for read:user,repo,user:email,workflow...
2024-02-10 04:13:53.078 [info] Getting sessions for read:user,repo,user:email,workflow...
2024-02-10 04:13:53.079 [info] Got 1 sessions for read:user,repo,user:email,workflow...
2024-02-10 04:13:53.079 [info] Got 1 sessions for read:user,repo,user:email,workflow...
2024-02-10 04:13:55.182 [info] Getting sessions for read:user,repo,user:email,workflow...
2024-02-10 04:13:55.182 [info] Got 1 sessions for read:user,repo,user:email,workflow...
2024-02-10 04:13:57.907 [info] Getting sessions for read:user,repo,user:email,workflow...
2024-02-10 04:13:57.907 [info] Got 1 sessions for read:user,repo,user:email,workflow...
2024-02-10 04:13:59.564 [info] Getting sessions for read:user,repo,user:email,workflow...
2024-02-10 04:13:59.565 [info] Got 1 sessions for read:user,repo,user:email,workflow...
