2024-02-10 04:28:24.554 [info] ログ レベル: Info
2024-02-10 04:28:24.555 [info] Git の検証が検出されました: "git"
2024-02-10 04:28:24.555 [info] "git" から Git "2.43.0" を使用しています
2024-02-10 04:28:24.555 [info] > git rev-parse --show-toplevel [35ms]
2024-02-10 04:28:24.555 [info] fatal: not a git repository (or any of the parent directories): .git
2024-02-10 04:28:24.555 [info] > git rev-parse --show-toplevel [106ms]
2024-02-10 04:28:24.555 [info] fatal: not a git repository (or any of the parent directories): .git
2024-02-10 04:28:24.555 [info] > git rev-parse --show-toplevel [450ms]
2024-02-10 04:28:24.555 [info] fatal: not a git repository (or any of the parent directories): .git
2024-02-10 04:28:24.675 [info] > git rev-parse --show-toplevel [122ms]
2024-02-10 04:28:24.676 [info] fatal: not a git repository (or any of the parent directories): .git
2024-02-10 04:29:30.839 [info] > git rev-parse --show-toplevel [3ms]
2024-02-10 04:29:30.900 [info] > git rev-parse --git-dir --git-common-dir [3ms]
2024-02-10 04:29:30.925 [info] Open repository: /home/vscode/progate_path/self_introduction_branch/self_introduction
2024-02-10 04:29:31.133 [info] No remotes found in the git config file.
2024-02-10 04:29:31.139 [info] > git config --get commit.template [127ms]
2024-02-10 04:29:31.151 [info] > git for-each-ref --format=%(refname)%00%(upstream:short)%00%(objectname)%00%(upstream:track)%00%(upstream:remotename)%00%(upstream:remoteref) refs/heads/main refs/remotes/main [19ms]
2024-02-10 04:29:31.334 [info] > git status -z -uall [67ms]
2024-02-10 04:29:31.472 [info] No remotes found in the git config file.
2024-02-10 04:29:31.477 [info] > git for-each-ref --format=%(refname)%00%(upstream:short)%00%(objectname)%00%(upstream:track)%00%(upstream:remotename)%00%(upstream:remoteref) refs/heads/main refs/remotes/main [5ms]
2024-02-10 04:29:31.478 [info] > git config --get commit.template [62ms]
2024-02-10 04:29:31.562 [info] > git status -z -uall [44ms]
2024-02-10 04:29:31.566 [info] > git config --local branch.main.github-pr-owner-number [5ms]
2024-02-10 04:29:31.605 [info] > git config --local branch.main.remote [1ms]
2024-02-10 04:29:31.684 [info] > git check-ignore -v -z --stdin [5ms]
2024-02-10 04:29:39.831 [info] No remotes found in the git config file.
2024-02-10 04:29:39.832 [info] > git for-each-ref --format=%(refname)%00%(upstream:short)%00%(objectname)%00%(upstream:track)%00%(upstream:remotename)%00%(upstream:remoteref) refs/heads/main refs/remotes/main [1ms]
2024-02-10 04:29:39.832 [info] > git config --get commit.template [46ms]
2024-02-10 04:29:39.875 [info] > git status -z -uall [1ms]
2024-02-10 04:29:46.490 [info] No remotes found in the git config file.
2024-02-10 04:29:46.491 [info] > git config --get commit.template [38ms]
2024-02-10 04:29:46.492 [info] > git for-each-ref --format=%(refname)%00%(upstream:short)%00%(objectname)%00%(upstream:track)%00%(upstream:remotename)%00%(upstream:remoteref) refs/heads/main refs/remotes/main [2ms]
2024-02-10 04:29:46.533 [info] > git status -z -uall [2ms]
2024-02-10 04:29:46.575 [info] > git config --local branch.main.github-pr-owner-number [2ms]
2024-02-10 04:29:46.613 [info] > git config --local branch.main.remote [1ms]
2024-02-10 04:30:35.397 [info] > git check-ignore -v -z --stdin [5ms]
2024-02-10 04:30:41.930 [info] > git show --textconv :src/favorite_food.md [53ms]
2024-02-10 04:30:41.933 [info] > git ls-files --stage -- /home/vscode/progate_path/self_introduction_branch/self_introduction/src/favorite_food.md [6ms]
2024-02-10 04:30:41.986 [info] > git cat-file -s f5033617eeed106b96d7206b522114e8323b4198 [3ms]
2024-02-10 04:30:46.833 [info] No remotes found in the git config file.
2024-02-10 04:30:46.834 [info] > git config --get commit.template [43ms]
2024-02-10 04:30:46.836 [info] > git for-each-ref --format=%(refname)%00%(upstream:short)%00%(objectname)%00%(upstream:track)%00%(upstream:remotename)%00%(upstream:remoteref) refs/heads/main refs/remotes/main [2ms]
2024-02-10 04:30:46.883 [info] > git status -z -uall [2ms]
2024-02-10 04:30:53.913 [info] No remotes found in the git config file.
2024-02-10 04:30:53.915 [info] > git config --get commit.template [47ms]
2024-02-10 04:30:53.915 [info] > git for-each-ref --format=%(refname)%00%(upstream:short)%00%(objectname)%00%(upstream:track)%00%(upstream:remotename)%00%(upstream:remoteref) refs/heads/main refs/remotes/main [3ms]
2024-02-10 04:30:53.958 [info] > git status -z -uall [2ms]
2024-02-10 04:30:57.366 [info] > git ls-files --stage -- /home/vscode/progate_path/self_introduction_branch/self_introduction/src/favorite_food.md [2ms]
2024-02-10 04:30:57.411 [info] > git cat-file -s 54d6a16a5fd3cf66e6e81d166982c96d644f5b7e [3ms]
2024-02-10 04:30:57.547 [info] > git show --textconv :src/favorite_food.md [2ms]
2024-02-10 04:31:01.446 [info] > git config --get commit.template [2ms]
2024-02-10 04:31:01.490 [info] No remotes found in the git config file.
2024-02-10 04:31:01.497 [info] > git for-each-ref --format=%(refname)%00%(upstream:short)%00%(objectname)%00%(upstream:track)%00%(upstream:remotename)%00%(upstream:remoteref) refs/heads/main refs/remotes/main [7ms]
2024-02-10 04:31:01.545 [info] > git status -z -uall [2ms]
2024-02-10 04:31:05.183 [info] > git ls-files --stage -- /home/vscode/progate_path/self_introduction_branch/self_introduction/src/favorite_food.md [4ms]
2024-02-10 04:31:05.247 [info] > git cat-file -s 54d6a16a5fd3cf66e6e81d166982c96d644f5b7e [3ms]
2024-02-10 04:31:05.391 [info] > git show --textconv :src/favorite_food.md [3ms]
2024-02-10 04:31:10.243 [info] > git config --get commit.template [1ms]
2024-02-10 04:31:10.282 [info] No remotes found in the git config file.
2024-02-10 04:31:10.284 [info] > git for-each-ref --format=%(refname)%00%(upstream:short)%00%(objectname)%00%(upstream:track)%00%(upstream:remotename)%00%(upstream:remoteref) refs/heads/main refs/remotes/main [2ms]
2024-02-10 04:31:10.324 [info] > git status -z -uall [3ms]
2024-02-10 04:31:10.364 [info] > git config --local branch.main.github-pr-owner-number [1ms]
2024-02-10 04:31:10.404 [info] > git config --local branch.main.remote [2ms]
2024-02-10 04:32:46.752 [info] No remotes found in the git config file.
2024-02-10 04:32:46.753 [info] > git config --get commit.template [62ms]
2024-02-10 04:32:46.756 [info] > git for-each-ref --format=%(refname)%00%(upstream:short)%00%(objectname)%00%(upstream:track)%00%(upstream:remotename)%00%(upstream:remoteref) refs/heads/branch-a refs/remotes/branch-a [4ms]
2024-02-10 04:32:46.838 [info] > git status -z -uall [7ms]
2024-02-10 04:32:46.991 [info] > git config --local branch.branch-a.github-pr-owner-number [81ms]
2024-02-10 04:32:47.094 [info] > git ls-files --stage -- /home/vscode/progate_path/self_introduction_branch/self_introduction/src/favorite_food.md [105ms]
2024-02-10 04:32:47.149 [info] > git config --local branch.branch-a.remote [60ms]
2024-02-10 04:32:47.153 [info] > git cat-file -s 54d6a16a5fd3cf66e6e81d166982c96d644f5b7e [5ms]
2024-02-10 04:32:47.290 [info] > git show --textconv :src/favorite_food.md [2ms]
2024-02-10 04:33:28.276 [info] > git show --textconv :src/favorite_drink.md [40ms]
2024-02-10 04:33:28.277 [info] > git ls-files --stage -- /home/vscode/progate_path/self_introduction_branch/self_introduction/src/favorite_drink.md [2ms]
2024-02-10 04:33:28.322 [info] > git cat-file -s 0ac8b2499d71d3c2516bcd6000f0b553ceca35e9 [2ms]
2024-02-10 04:33:42.269 [info] No remotes found in the git config file.
2024-02-10 04:33:42.270 [info] > git config --get commit.template [38ms]
2024-02-10 04:33:42.271 [info] > git for-each-ref --format=%(refname)%00%(upstream:short)%00%(objectname)%00%(upstream:track)%00%(upstream:remotename)%00%(upstream:remoteref) refs/heads/branch-a refs/remotes/branch-a [2ms]
2024-02-10 04:33:42.313 [info] > git status -z -uall [3ms]
2024-02-10 04:33:48.257 [info] > git config --get commit.template [1ms]
2024-02-10 04:33:48.322 [info] No remotes found in the git config file.
2024-02-10 04:33:48.324 [info] > git for-each-ref --format=%(refname)%00%(upstream:short)%00%(objectname)%00%(upstream:track)%00%(upstream:remotename)%00%(upstream:remoteref) refs/heads/branch-a refs/remotes/branch-a [2ms]
2024-02-10 04:33:48.365 [info] > git status -z -uall [2ms]
2024-02-10 04:33:48.461 [info] > git ls-files --stage -- /home/vscode/progate_path/self_introduction_branch/self_introduction/src/favorite_drink.md [3ms]
2024-02-10 04:33:48.519 [info] > git cat-file -s 6f938992688428353088784d3258e58c997ca1aa [4ms]
2024-02-10 04:33:48.657 [info] > git show --textconv :src/favorite_drink.md [5ms]
2024-02-10 04:33:56.379 [info] No remotes found in the git config file.
2024-02-10 04:33:56.380 [info] > git config --get commit.template [44ms]
2024-02-10 04:33:56.381 [info] > git for-each-ref --format=%(refname)%00%(upstream:short)%00%(objectname)%00%(upstream:track)%00%(upstream:remotename)%00%(upstream:remoteref) refs/heads/branch-a refs/remotes/branch-a [2ms]
2024-02-10 04:33:56.426 [info] > git status -z -uall [2ms]
2024-02-10 04:33:56.473 [info] > git config --local branch.branch-a.github-pr-owner-number [2ms]
2024-02-10 04:33:56.561 [info] > git config --local branch.branch-a.remote [50ms]
2024-02-10 04:33:56.565 [info] > git ls-files --stage -- /home/vscode/progate_path/self_introduction_branch/self_introduction/src/favorite_drink.md [5ms]
2024-02-10 04:33:56.630 [info] > git cat-file -s 6f938992688428353088784d3258e58c997ca1aa [4ms]
2024-02-10 04:33:56.784 [info] > git show --textconv :src/favorite_drink.md [3ms]
2024-02-10 04:34:30.984 [info] > git config --local branch.branch-a.github-pr-owner-number [2ms]
2024-02-10 04:35:20.151 [info] No remotes found in the git config file.
2024-02-10 04:35:20.151 [info] > git config --get commit.template [42ms]
2024-02-10 04:35:20.152 [info] > git for-each-ref --format=%(refname)%00%(upstream:short)%00%(objectname)%00%(upstream:track)%00%(upstream:remotename)%00%(upstream:remoteref) refs/heads/main refs/remotes/main [2ms]
2024-02-10 04:35:20.194 [info] > git status -z -uall [2ms]
2024-02-10 04:35:20.237 [info] > git config --local branch.main.github-pr-owner-number [1ms]
2024-02-10 04:35:20.274 [info] > git config --local branch.main.remote [2ms]
2024-02-10 04:35:20.322 [info] > git ls-files --stage -- /home/vscode/progate_path/self_introduction_branch/self_introduction/src/favorite_drink.md [3ms]
2024-02-10 04:35:20.360 [info] > git cat-file -s 0ac8b2499d71d3c2516bcd6000f0b553ceca35e9 [2ms]
2024-02-10 04:35:20.509 [info] > git show --textconv :src/favorite_drink.md [3ms]
2024-02-10 04:35:48.751 [info] > git show --textconv :src/favorite_food.md [53ms]
2024-02-10 04:35:48.754 [info] > git ls-files --stage -- /home/vscode/progate_path/self_introduction_branch/self_introduction/src/favorite_food.md [6ms]
2024-02-10 04:35:48.794 [info] > git cat-file -s 54d6a16a5fd3cf66e6e81d166982c96d644f5b7e [2ms]
2024-02-10 04:35:54.477 [info] No remotes found in the git config file.
2024-02-10 04:35:54.478 [info] > git config --get commit.template [42ms]
2024-02-10 04:35:54.479 [info] > git for-each-ref --format=%(refname)%00%(upstream:short)%00%(objectname)%00%(upstream:track)%00%(upstream:remotename)%00%(upstream:remoteref) refs/heads/main refs/remotes/main [2ms]
2024-02-10 04:35:54.518 [info] > git status -z -uall [2ms]
2024-02-10 04:36:00.671 [info] No remotes found in the git config file.
2024-02-10 04:36:00.672 [info] > git config --get commit.template [63ms]
2024-02-10 04:36:00.675 [info] > git for-each-ref --format=%(refname)%00%(upstream:short)%00%(objectname)%00%(upstream:track)%00%(upstream:remotename)%00%(upstream:remoteref) refs/heads/main refs/remotes/main [4ms]
2024-02-10 04:36:00.730 [info] > git status -z -uall [1ms]
2024-02-10 04:36:04.655 [info] > git ls-files --stage -- /home/vscode/progate_path/self_introduction_branch/self_introduction/src/favorite_food.md [2ms]
2024-02-10 04:36:04.695 [info] > git cat-file -s ed240f012eab321a8be8227f4c3f61ae75168ed4 [1ms]
2024-02-10 04:36:04.821 [info] > git show --textconv :src/favorite_food.md [2ms]
2024-02-10 04:36:08.105 [info] No remotes found in the git config file.
2024-02-10 04:36:08.106 [info] > git config --get commit.template [150ms]
2024-02-10 04:36:08.112 [info] > git for-each-ref --format=%(refname)%00%(upstream:short)%00%(objectname)%00%(upstream:track)%00%(upstream:remotename)%00%(upstream:remoteref) refs/heads/main refs/remotes/main [7ms]
2024-02-10 04:36:08.263 [info] > git status -z -uall [4ms]
2024-02-10 04:36:11.607 [info] > git ls-files --stage -- /home/vscode/progate_path/self_introduction_branch/self_introduction/src/favorite_food.md [2ms]
2024-02-10 04:36:11.656 [info] > git cat-file -s ed240f012eab321a8be8227f4c3f61ae75168ed4 [2ms]
2024-02-10 04:36:11.786 [info] > git show --textconv :src/favorite_food.md [5ms]
2024-02-10 04:36:13.344 [info] No remotes found in the git config file.
2024-02-10 04:36:13.345 [info] > git config --get commit.template [38ms]
2024-02-10 04:36:13.346 [info] > git for-each-ref --format=%(refname)%00%(upstream:short)%00%(objectname)%00%(upstream:track)%00%(upstream:remotename)%00%(upstream:remoteref) refs/heads/main refs/remotes/main [2ms]
2024-02-10 04:36:13.387 [info] > git status -z -uall [2ms]
2024-02-10 04:36:13.430 [info] > git config --local branch.main.github-pr-owner-number [2ms]
2024-02-10 04:36:13.466 [info] > git config --local branch.main.remote [1ms]
2024-02-10 04:38:01.739 [info] No remotes found in the git config file.
2024-02-10 04:38:01.740 [info] > git config --get commit.template [38ms]
2024-02-10 04:38:01.741 [info] > git for-each-ref --format=%(refname)%00%(upstream:short)%00%(objectname)%00%(upstream:track)%00%(upstream:remotename)%00%(upstream:remoteref) refs/heads/main refs/remotes/main [2ms]
2024-02-10 04:38:01.779 [info] > git status -z -uall [3ms]
2024-02-10 04:38:01.977 [info] > git ls-files --stage -- /home/vscode/progate_path/self_introduction_branch/self_introduction/src/favorite_food.md [3ms]
2024-02-10 04:38:02.016 [info] > git cat-file -s ed240f012eab321a8be8227f4c3f61ae75168ed4 [2ms]
2024-02-10 04:38:02.151 [info] > git show --textconv :src/favorite_food.md [2ms]
2024-02-10 04:38:09.899 [info] > git show --textconv :.git/MERGE_MSG [240ms]
2024-02-10 04:38:09.899 [info] > git ls-files --stage -- /home/vscode/progate_path/self_introduction_branch/self_introduction/.git/MERGE_MSG [141ms]
2024-02-10 04:38:09.992 [info] No remotes found in the git config file.
2024-02-10 04:38:09.993 [info] > git check-ignore -v -z --stdin [96ms]
2024-02-10 04:38:09.994 [info] > git for-each-ref --format=%(refname)%00%(upstream:short)%00%(objectname)%00%(upstream:track)%00%(upstream:remotename)%00%(upstream:remoteref) refs/heads/main refs/remotes/main [3ms]
2024-02-10 04:38:10.041 [info] > git status -z -uall [5ms]
2024-02-10 04:38:10.147 [info] > git ls-files --stage -- /home/vscode/progate_path/self_introduction_branch/self_introduction/.git/MERGE_MSG [2ms]
2024-02-10 04:38:10.316 [info] > git show --textconv :.git/MERGE_MSG [2ms]
2024-02-10 04:38:38.326 [info] > git show --textconv :src/favorite_food.md [40ms]
2024-02-10 04:38:38.327 [info] > git ls-files --stage -- /home/vscode/progate_path/self_introduction_branch/self_introduction/src/favorite_food.md [4ms]
2024-02-10 04:38:38.368 [info] > git cat-file -s ed240f012eab321a8be8227f4c3f61ae75168ed4 [1ms]
2024-02-10 04:38:40.127 [info] > git config --get commit.template [3ms]
2024-02-10 04:38:40.164 [info] No remotes found in the git config file.
2024-02-10 04:38:40.166 [info] > git for-each-ref --format=%(refname)%00%(upstream:short)%00%(objectname)%00%(upstream:track)%00%(upstream:remotename)%00%(upstream:remoteref) refs/heads/main refs/remotes/main [2ms]
2024-02-10 04:38:40.206 [info] > git status -z -uall [2ms]
2024-02-10 04:38:40.249 [info] > git config --local branch.main.github-pr-owner-number [2ms]
2024-02-10 04:38:40.333 [info] > git config --local branch.main.remote [47ms]
2024-02-10 04:38:40.335 [info] > git ls-files --stage -- /home/vscode/progate_path/self_introduction_branch/self_introduction/src/favorite_food.md [3ms]
2024-02-10 04:38:40.384 [info] > git cat-file -s ed240f012eab321a8be8227f4c3f61ae75168ed4 [3ms]
2024-02-10 04:38:40.529 [info] > git show --textconv :src/favorite_food.md [2ms]
2024-02-10 04:39:31.055 [info] > git config --local branch.main.github-pr-owner-number [1ms]
2024-02-10 04:44:31.112 [info] > git config --local branch.main.github-pr-owner-number [2ms]
2024-02-10 04:49:31.338 [info] > git config --local branch.main.github-pr-owner-number [11ms]
2024-02-10 04:54:31.383 [info] > git config --local branch.main.github-pr-owner-number [1ms]
