2024-02-10 04:13:51.919 [info] ログ レベル: Info
2024-02-10 04:13:51.919 [info] Git の検証が検出されました: "git"
2024-02-10 04:13:51.919 [info] "git" から Git "2.43.0" を使用しています
2024-02-10 04:13:51.919 [info] > git rev-parse --show-toplevel [54ms]
2024-02-10 04:13:51.919 [info] fatal: not a git repository (or any of the parent directories): .git
2024-02-10 04:13:51.919 [info] > git rev-parse --show-toplevel [49ms]
2024-02-10 04:13:51.919 [info] fatal: not a git repository (or any of the parent directories): .git
2024-02-10 04:13:51.919 [info] > git rev-parse --show-toplevel [1346ms]
2024-02-10 04:13:51.980 [info] > git rev-parse --git-dir --git-common-dir [6ms]
2024-02-10 04:13:51.989 [info] Open repository: /home/vscode/.nodenv
2024-02-10 04:13:52.165 [info] > git rev-parse --show-toplevel [119ms]
2024-02-10 04:13:52.166 [info] > git config --get commit.template [143ms]
2024-02-10 04:13:52.246 [info] > git rev-parse --git-dir --git-common-dir [52ms]
2024-02-10 04:13:52.250 [info] Open repository: /home/vscode/.oh-my-zsh
2024-02-10 04:13:52.323 [info] > git for-each-ref --format=%(refname)%00%(upstream:short)%00%(objectname)%00%(upstream:track)%00%(upstream:remotename)%00%(upstream:remoteref) refs/heads/master refs/remotes/master [79ms]
2024-02-10 04:13:52.351 [warning] ENOENT: no such file or directory, open '/home/vscode/.nodenv/.git/refs/remotes/origin/master'
2024-02-10 04:13:52.352 [info] > git rev-parse --show-toplevel [44ms]
2024-02-10 04:13:52.352 [info] fatal: not a git repository (or any of the parent directories): .git
2024-02-10 04:13:52.353 [info] > git config --get commit.template [75ms]
2024-02-10 04:13:52.385 [info] > git rev-parse refs/remotes/origin/master [34ms]
2024-02-10 04:13:52.447 [info] > git rev-parse --show-toplevel [69ms]
2024-02-10 04:13:52.447 [info] fatal: not a git repository (or any of the parent directories): .git
2024-02-10 04:13:52.585 [info] > git status -z -uall [177ms]
2024-02-10 04:13:52.586 [info] > git for-each-ref --format=%(refname)%00%(upstream:short)%00%(objectname)%00%(upstream:track)%00%(upstream:remotename)%00%(upstream:remoteref) refs/heads/master refs/remotes/master [149ms]
2024-02-10 04:13:52.893 [warning] ENOENT: no such file or directory, open '/home/vscode/.oh-my-zsh/.git/refs/remotes/origin/master'
2024-02-10 04:13:52.966 [info] > git rev-parse --show-toplevel [430ms]
2024-02-10 04:13:53.050 [info] > git check-ignore -v -z --stdin [55ms]
2024-02-10 04:13:53.051 [info] > git check-ignore -v -z --stdin [33ms]
2024-02-10 04:13:53.052 [info] > git config --get commit.template [127ms]
2024-02-10 04:13:53.052 [info] > git rev-parse refs/remotes/origin/master [160ms]
2024-02-10 04:13:53.081 [info] > git rev-parse --git-dir --git-common-dir [40ms]
2024-02-10 04:13:53.086 [info] Open repository: /home/vscode/environment
2024-02-10 04:13:53.320 [info] > git status -z -uall [245ms]
2024-02-10 04:13:53.320 [info] > git config --get commit.template [149ms]
2024-02-10 04:13:53.320 [info] > git for-each-ref --format=%(refname)%00%(upstream:short)%00%(objectname)%00%(upstream:track)%00%(upstream:remotename)%00%(upstream:remoteref) refs/heads/master refs/remotes/master [183ms]
2024-02-10 04:13:53.490 [warning] ENOENT: no such file or directory, open '/home/vscode/.nodenv/.git/refs/remotes/origin/master'
2024-02-10 04:13:55.195 [info] > git check-ignore -v -z --stdin [274ms]
2024-02-10 04:13:55.195 [info] > git check-ignore -v -z --stdin [235ms]
2024-02-10 04:13:55.196 [info] > git check-ignore -v -z --stdin [183ms]
2024-02-10 04:13:55.197 [info] > git config --get commit.template [1683ms]
2024-02-10 04:13:55.197 [info] > git rev-parse refs/remotes/origin/master [1707ms]
2024-02-10 04:13:55.260 [info] > git status -z -uall [30ms]
2024-02-10 04:13:55.263 [info] > git for-each-ref --format=%(refname)%00%(upstream:short)%00%(objectname)%00%(upstream:track)%00%(upstream:remotename)%00%(upstream:remoteref) refs/heads/main refs/remotes/main [115ms]
2024-02-10 04:13:55.438 [warning] ENOENT: no such file or directory, open '/home/vscode/environment/.git/refs/remotes/origin/main'
2024-02-10 04:13:55.786 [info] > git rev-parse refs/remotes/origin/main [348ms]
2024-02-10 04:13:55.821 [info] > git for-each-ref --format=%(refname)%00%(upstream:short)%00%(objectname)%00%(upstream:track)%00%(upstream:remotename)%00%(upstream:remoteref) refs/heads/master refs/remotes/master [513ms]
2024-02-10 04:13:57.348 [warning] ENOENT: no such file or directory, open '/home/vscode/.oh-my-zsh/.git/refs/remotes/origin/master'
2024-02-10 04:13:57.387 [info] > git status -z -uall [1567ms]
2024-02-10 04:13:57.637 [info] > git rev-parse refs/remotes/origin/master [289ms]
2024-02-10 04:13:57.701 [info] > git config --get commit.template [71ms]
2024-02-10 04:13:57.920 [info] > git status -z -uall [241ms]
2024-02-10 04:13:57.921 [info] > git for-each-ref --format=%(refname)%00%(upstream:short)%00%(objectname)%00%(upstream:track)%00%(upstream:remotename)%00%(upstream:remoteref) refs/heads/main refs/remotes/main [107ms]
2024-02-10 04:13:58.073 [warning] ENOENT: no such file or directory, open '/home/vscode/environment/.git/refs/remotes/origin/main'
2024-02-10 04:13:58.128 [info] > git rev-parse refs/remotes/origin/main [55ms]
2024-02-10 04:13:58.263 [info] > git status -z -uall [95ms]
2024-02-10 04:13:58.704 [info] > git config --local branch.master.github-pr-owner-number [219ms]
2024-02-10 04:13:58.731 [info] > git config --local branch.master.github-pr-owner-number [289ms]
2024-02-10 04:13:59.165 [info] > git config --local branch.main.github-pr-owner-number [32ms]
2024-02-10 04:14:50.094 [info] > git rev-parse --show-toplevel [4ms]
2024-02-10 04:14:50.159 [info] > git rev-parse --git-dir --git-common-dir [3ms]
2024-02-10 04:14:50.167 [info] Open repository: /home/vscode/.progate/origins/8bD7b83bnNigx1-MPlVyv/self_introduction
2024-02-10 04:14:50.233 [warning] getRemotes() - ENOENT: no such file or directory, open '/home/vscode/.progate/origins/8bD7b83bnNigx1-MPlVyv/self_introduction/.git/config'
2024-02-10 04:14:50.300 [info] > git remote --verbose [66ms]
2024-02-10 04:14:50.363 [info] > git config --get commit.template [69ms]
2024-02-10 04:14:50.367 [info] > git for-each-ref --format=%(refname)%00%(upstream:short)%00%(objectname)%00%(upstream:track)%00%(upstream:remotename)%00%(upstream:remoteref) refs/heads/master refs/remotes/master [10ms]
2024-02-10 04:14:50.429 [info] > git status -z -uall [4ms]
2024-02-10 04:14:50.492 [warning] getRemotes() - ENOENT: no such file or directory, open '/home/vscode/.progate/origins/8bD7b83bnNigx1-MPlVyv/self_introduction/.git/config'
2024-02-10 04:14:50.607 [info] > git remote --verbose [116ms]
2024-02-10 04:14:50.608 [info] > git config --get commit.template [61ms]
2024-02-10 04:14:50.806 [info] > git for-each-ref --format=%(refname)%00%(upstream:short)%00%(objectname)%00%(upstream:track)%00%(upstream:remotename)%00%(upstream:remoteref) refs/heads/master refs/remotes/master [135ms]
2024-02-10 04:14:51.044 [info] > git status -z -uall [187ms]
2024-02-10 04:14:51.044 [info] > git check-ignore -v -z --stdin [128ms]
2024-02-10 04:14:51.045 [info] > git check-ignore -v -z --stdin [71ms]
2024-02-10 04:14:51.048 [info] > git config --local branch.master.github-pr-owner-number [242ms]
2024-02-10 04:14:51.132 [info] > git check-ignore -v -z --stdin [91ms]
2024-02-10 04:14:51.134 [info] > git config --local branch.master.remote [38ms]
2024-02-10 04:18:55.891 [info] > git config --local branch.master.github-pr-owner-number [35ms]
2024-02-10 04:18:55.892 [info] > git config --local branch.main.github-pr-owner-number [74ms]
2024-02-10 04:18:55.892 [info] > git config --local branch.master.github-pr-owner-number [2ms]
2024-02-10 04:19:35.465 [info] > git rev-parse --show-toplevel [3ms]
2024-02-10 04:19:35.521 [info] > git rev-parse --git-dir --git-common-dir [3ms]
2024-02-10 04:19:35.531 [info] Open repository: /home/vscode/progate_path/self_introduction_commit/self_introduction
2024-02-10 04:19:35.646 [info] No remotes found in the git config file.
2024-02-10 04:19:35.646 [info] > git config --get commit.template [57ms]
2024-02-10 04:19:35.655 [info] > git for-each-ref --format=%(refname)%00%(upstream:short)%00%(objectname)%00%(upstream:track)%00%(upstream:remotename)%00%(upstream:remoteref) refs/heads/main refs/remotes/main [10ms]
2024-02-10 04:19:35.721 [info] > git status -z -uall [5ms]
2024-02-10 04:19:35.866 [info] No remotes found in the git config file.
2024-02-10 04:19:35.871 [info] > git config --get commit.template [73ms]
2024-02-10 04:19:35.874 [info] > git for-each-ref --format=%(refname)%00%(upstream:short)%00%(objectname)%00%(upstream:track)%00%(upstream:remotename)%00%(upstream:remoteref) refs/heads/main refs/remotes/main [8ms]
2024-02-10 04:19:35.998 [info] > git status -z -uall [61ms]
2024-02-10 04:19:36.262 [info] > git config --local branch.main.github-pr-owner-number [3ms]
2024-02-10 04:19:36.426 [info] > git check-ignore -v -z --stdin [74ms]
2024-02-10 04:19:36.426 [info] > git check-ignore -v -z --stdin [37ms]
2024-02-10 04:19:36.427 [info] > git check-ignore -v -z --stdin [3ms]
2024-02-10 04:19:36.427 [info] > git config --local branch.main.remote [114ms]
2024-02-10 04:19:50.207 [info] > git config --local branch.master.github-pr-owner-number [1ms]
2024-02-10 04:23:56.005 [info] > git config --local branch.master.github-pr-owner-number [0ms]
2024-02-10 04:23:56.005 [info] > git config --local branch.main.github-pr-owner-number [38ms]
2024-02-10 04:23:56.006 [info] > git config --local branch.master.github-pr-owner-number [75ms]
2024-02-10 04:24:35.581 [info] > git config --local branch.main.github-pr-owner-number [3ms]
2024-02-10 04:24:50.259 [info] > git config --local branch.master.github-pr-owner-number [2ms]
2024-02-10 04:26:13.048 [info] No remotes found in the git config file.
2024-02-10 04:26:13.051 [info] > git config --get commit.template [64ms]
2024-02-10 04:26:13.059 [info] > git for-each-ref --format=%(refname)%00%(upstream:short)%00%(objectname)%00%(upstream:track)%00%(upstream:remotename)%00%(upstream:remoteref) refs/heads/main refs/remotes/main [10ms]
2024-02-10 04:26:13.129 [info] > git status -z -uall [6ms]
2024-02-10 04:26:13.194 [info] > git config --local branch.main.github-pr-owner-number [4ms]
2024-02-10 04:26:13.251 [info] > git config --local branch.main.remote [4ms]
2024-02-10 04:26:18.277 [info] > git config --get commit.template [56ms]
2024-02-10 04:26:18.351 [info] No remotes found in the git config file.
2024-02-10 04:26:18.431 [info] > git for-each-ref --format=%(refname)%00%(upstream:short)%00%(objectname)%00%(upstream:track)%00%(upstream:remotename)%00%(upstream:remoteref) refs/heads/main refs/remotes/main [81ms]
2024-02-10 04:26:18.652 [info] > git status -z -uall [135ms]
2024-02-10 04:27:42.531 [info] > git rev-parse --show-toplevel [1ms]
2024-02-10 04:27:42.572 [info] > git rev-parse --git-dir --git-common-dir [2ms]
2024-02-10 04:27:42.579 [info] Open repository: /home/vscode/.progate/origins/Qr_PH_N_Be4H7SUtaiJ_t/self_introduction
2024-02-10 04:27:42.628 [warning] getRemotes() - ENOENT: no such file or directory, open '/home/vscode/.progate/origins/Qr_PH_N_Be4H7SUtaiJ_t/self_introduction/.git/config'
2024-02-10 04:27:42.688 [info] > git remote --verbose [60ms]
2024-02-10 04:27:42.688 [info] > git config --get commit.template [2ms]
2024-02-10 04:27:42.727 [info] > git for-each-ref --format=%(refname)%00%(upstream:short)%00%(objectname)%00%(upstream:track)%00%(upstream:remotename)%00%(upstream:remoteref) refs/heads/master refs/remotes/master [2ms]
2024-02-10 04:27:42.773 [info] > git status -z -uall [2ms]
2024-02-10 04:27:42.817 [warning] getRemotes() - ENOENT: no such file or directory, open '/home/vscode/.progate/origins/Qr_PH_N_Be4H7SUtaiJ_t/self_introduction/.git/config'
2024-02-10 04:27:42.881 [info] > git config --get commit.template [4ms]
2024-02-10 04:27:42.881 [info] > git remote --verbose [64ms]
2024-02-10 04:27:42.924 [info] > git for-each-ref --format=%(refname)%00%(upstream:short)%00%(objectname)%00%(upstream:track)%00%(upstream:remotename)%00%(upstream:remoteref) refs/heads/master refs/remotes/master [1ms]
2024-02-10 04:27:42.964 [info] > git status -z -uall [3ms]
2024-02-10 04:27:43.244 [info] > git config --local branch.master.github-pr-owner-number [2ms]
2024-02-10 04:27:43.325 [info] > git config --local branch.master.remote [36ms]
2024-02-10 04:27:43.487 [info] > git check-ignore -v -z --stdin [37ms]
2024-02-10 04:27:43.489 [info] > git check-ignore -v -z --stdin [72ms]
2024-02-10 04:27:43.489 [info] > git check-ignore -v -z --stdin [4ms]
2024-02-10 04:28:56.086 [info] > git config --local branch.master.github-pr-owner-number [38ms]
2024-02-10 04:28:56.135 [info] > git config --local branch.main.github-pr-owner-number [49ms]
2024-02-10 04:28:56.136 [info] > git config --local branch.master.github-pr-owner-number [3ms]
2024-02-10 04:29:30.841 [info] > git rev-parse --show-toplevel [3ms]
2024-02-10 04:29:30.911 [info] > git rev-parse --git-dir --git-common-dir [2ms]
2024-02-10 04:29:30.917 [info] Open repository: /home/vscode/progate_path/self_introduction_branch/self_introduction
2024-02-10 04:29:31.088 [info] No remotes found in the git config file.
2024-02-10 04:29:31.089 [info] > git config --get commit.template [104ms]
2024-02-10 04:29:31.093 [info] > git for-each-ref --format=%(refname)%00%(upstream:short)%00%(objectname)%00%(upstream:track)%00%(upstream:remotename)%00%(upstream:remoteref) refs/heads/main refs/remotes/main [5ms]
2024-02-10 04:29:31.166 [info] > git status -z -uall [4ms]
2024-02-10 04:29:31.315 [info] No remotes found in the git config file.
2024-02-10 04:29:31.379 [info] > git config --get commit.template [138ms]
2024-02-10 04:29:31.380 [info] > git for-each-ref --format=%(refname)%00%(upstream:short)%00%(objectname)%00%(upstream:track)%00%(upstream:remotename)%00%(upstream:remoteref) refs/heads/main refs/remotes/main [65ms]
2024-02-10 04:29:31.444 [info] > git status -z -uall [5ms]
2024-02-10 04:29:32.010 [info] > git config --local branch.main.github-pr-owner-number [1ms]
2024-02-10 04:29:32.066 [info] > git config --local branch.main.remote [3ms]
2024-02-10 04:29:32.351 [info] > git check-ignore -v -z --stdin [123ms]
2024-02-10 04:29:32.352 [info] > git check-ignore -v -z --stdin [84ms]
2024-02-10 04:29:32.412 [info] > git check-ignore -v -z --stdin [64ms]
2024-02-10 04:29:35.632 [info] > git config --local branch.main.github-pr-owner-number [0ms]
2024-02-10 04:29:50.308 [info] > git config --local branch.master.github-pr-owner-number [2ms]
2024-02-10 04:32:42.627 [info] > git config --local branch.master.github-pr-owner-number [2ms]
2024-02-10 04:33:56.222 [info] > git config --local branch.main.github-pr-owner-number [44ms]
2024-02-10 04:33:56.223 [info] > git config --local branch.master.github-pr-owner-number [88ms]
2024-02-10 04:33:56.224 [info] > git config --local branch.master.github-pr-owner-number [3ms]
2024-02-10 04:34:30.977 [info] > git config --local branch.main.github-pr-owner-number [2ms]
2024-02-10 04:34:35.684 [info] > git config --local branch.main.github-pr-owner-number [2ms]
2024-02-10 04:34:50.353 [info] > git config --local branch.master.github-pr-owner-number [1ms]
2024-02-10 04:37:42.671 [info] > git config --local branch.master.github-pr-owner-number [1ms]
2024-02-10 04:38:56.353 [info] > git config --local branch.master.github-pr-owner-number [48ms]
2024-02-10 04:38:56.354 [info] > git config --local branch.main.github-pr-owner-number [88ms]
2024-02-10 04:38:56.354 [info] > git config --local branch.master.github-pr-owner-number [3ms]
2024-02-10 04:39:31.038 [info] > git config --local branch.main.github-pr-owner-number [3ms]
2024-02-10 04:39:35.741 [info] > git config --local branch.main.github-pr-owner-number [3ms]
2024-02-10 04:39:50.421 [info] > git config --local branch.master.github-pr-owner-number [1ms]
2024-02-10 04:42:42.714 [info] > git config --local branch.master.github-pr-owner-number [2ms]
2024-02-10 04:43:56.507 [info] > git config --local branch.main.github-pr-owner-number [60ms]
2024-02-10 04:43:56.508 [info] > git config --local branch.master.github-pr-owner-number [113ms]
2024-02-10 04:43:56.512 [info] > git config --local branch.master.github-pr-owner-number [6ms]
2024-02-10 04:44:31.094 [info] > git config --local branch.main.github-pr-owner-number [2ms]
2024-02-10 04:44:35.793 [info] > git config --local branch.main.github-pr-owner-number [2ms]
2024-02-10 04:44:50.484 [info] > git config --local branch.master.github-pr-owner-number [2ms]
2024-02-10 04:47:42.759 [info] > git config --local branch.master.github-pr-owner-number [4ms]
2024-02-10 04:48:56.653 [info] > git config --local branch.main.github-pr-owner-number [57ms]
2024-02-10 04:48:56.701 [info] > git config --local branch.master.github-pr-owner-number [48ms]
2024-02-10 04:48:56.702 [info] > git config --local branch.master.github-pr-owner-number [2ms]
2024-02-10 04:49:31.271 [info] > git config --local branch.main.github-pr-owner-number [6ms]
2024-02-10 04:49:35.936 [info] > git config --local branch.main.github-pr-owner-number [9ms]
2024-02-10 04:49:50.550 [info] > git config --local branch.master.github-pr-owner-number [3ms]
