2024-02-10 04:01:34.849 [info] Reading sessions from keychain...
2024-02-10 04:01:34.849 [info] Getting sessions for all scopes...
2024-02-10 04:01:34.849 [info] Getting sessions for user:email...
2024-02-10 04:01:34.849 [info] Getting sessions for all scopes...
2024-02-10 04:01:34.849 [info] Got stored sessions!
2024-02-10 04:01:34.849 [info] Got 6 verified sessions.
2024-02-10 04:01:34.849 [info] Got 6 sessions for ...
2024-02-10 04:01:34.849 [info] Got 1 sessions for user:email...
2024-02-10 04:01:34.849 [info] Got 6 sessions for ...
2024-02-10 04:01:34.930 [info] Getting sessions for codespace,read:user,repo,user:email...
2024-02-10 04:01:34.930 [info] Getting sessions for all scopes...
2024-02-10 04:01:34.931 [info] Got 1 sessions for codespace,read:user,repo,user:email...
2024-02-10 04:01:34.931 [info] Got 6 sessions for ...
2024-02-10 04:01:35.663 [info] Getting sessions for all scopes...
2024-02-10 04:01:35.669 [info] Got 6 sessions for ...
2024-02-10 04:01:52.440 [info] Getting sessions for all scopes...
2024-02-10 04:01:52.442 [info] Got 6 sessions for ...
2024-02-10 04:01:53.127 [info] Getting sessions for all scopes...
2024-02-10 04:01:53.143 [info] Got 6 sessions for ...
2024-02-10 04:01:55.118 [info] Getting sessions for all scopes...
2024-02-10 04:01:55.128 [info] Got 6 sessions for ...
2024-02-10 04:01:56.284 [info] Getting sessions for all scopes...
2024-02-10 04:01:56.290 [info] Got 6 sessions for ...
2024-02-10 04:01:57.239 [info] Getting sessions for project,read:org,read:user,repo,user:email,workflow...
2024-02-10 04:01:57.244 [info] Got 0 sessions for project,read:org,read:user,repo,user:email,workflow...
2024-02-10 04:01:57.646 [info] Getting sessions for read:user,repo,user:email,workflow...
2024-02-10 04:01:57.646 [info] Got 1 sessions for read:user,repo,user:email,workflow...
2024-02-10 04:02:17.468 [info] Getting sessions for read:user,repo,user:email,workflow...
2024-02-10 04:02:17.469 [info] Got 1 sessions for read:user,repo,user:email,workflow...
2024-02-10 04:02:25.395 [info] Getting sessions for read:user...
2024-02-10 04:02:25.405 [info] Got 1 sessions for read:user...
2024-02-10 04:02:26.443 [info] Getting sessions for read:user,repo,user:email,workflow...
2024-02-10 04:02:26.443 [info] Got 1 sessions for read:user,repo,user:email,workflow...
2024-02-10 04:02:26.722 [info] Getting sessions for user:email...
2024-02-10 04:02:26.723 [info] Got 1 sessions for user:email...
2024-02-10 04:02:30.546 [info] Getting sessions for read:user,repo,user:email,workflow...
2024-02-10 04:02:30.546 [info] Got 1 sessions for read:user,repo,user:email,workflow...
