[2024-02-10 04:13:45.830] Starting Git Graph ...
[2024-02-10 04:13:45.998] Using git (version: 2.43.0)
[2024-02-10 04:13:46.008] Started Git Graph - Ready to use!
[2024-02-10 04:13:46.009] Searching workspace for new repos ...
[2024-02-10 04:13:46.016] > git rev-parse --show-toplevel
[2024-02-10 04:13:46.022] Completed searching workspace for new repos
[2024-02-10 04:13:46.569] Successfully set Visual Studio Code Context "git-graph:codiconsSupported" to "true"
[2024-02-10 04:13:49.419] > git rev-parse --show-toplevel
[2024-02-10 04:13:50.166] > git rev-parse --show-toplevel
[2024-02-10 04:13:55.180] > git rev-parse --show-toplevel
[2024-02-10 04:13:55.407] > git rev-parse --show-toplevel
[2024-02-10 04:13:57.120] > git rev-parse --show-toplevel
[2024-02-10 04:13:57.905] > git rev-parse --show-toplevel
[2024-02-10 04:13:58.126] > git rev-parse --show-toplevel
[2024-02-10 04:13:58.527] > git rev-parse --show-toplevel
[2024-02-10 04:13:58.803] > git rev-parse --show-toplevel
[2024-02-10 04:14:28.285] > git rev-parse --show-toplevel
[2024-02-10 04:14:50.605] > git rev-parse --show-toplevel
[2024-02-10 04:14:50.740] > git rev-parse --show-toplevel
[2024-02-10 04:14:51.132] > git rev-parse --show-toplevel
[2024-02-10 04:14:51.173] > git rev-parse --show-toplevel
[2024-02-10 04:14:51.209] > git rev-parse --show-toplevel
[2024-02-10 04:14:51.258] Added new repo: /home/vscode/.progate/origins/8bD7b83bnNigx1-MPlVyv/self_introduction
[2024-02-10 04:14:51.297] > git rev-parse --show-toplevel
[2024-02-10 04:14:51.334] > git rev-parse --show-toplevel
[2024-02-10 04:14:51.370] > git rev-parse --show-toplevel
[2024-02-10 04:14:51.381] Showing "Git Graph" Status Bar Item
[2024-02-10 04:15:07.754] > git rev-parse --show-toplevel
[2024-02-10 04:15:07.825] > git rev-parse --show-toplevel
[2024-02-10 04:15:11.120] > git rev-parse --show-toplevel
[2024-02-10 04:15:12.723] > git rev-parse --show-toplevel
[2024-02-10 04:15:15.077] > git rev-parse --show-toplevel
[2024-02-10 04:15:15.155] > git rev-parse --show-toplevel
[2024-02-10 04:15:15.219] > git rev-parse --show-toplevel
[2024-02-10 04:15:17.762] > git rev-parse --show-toplevel
[2024-02-10 04:15:17.818] > git rev-parse --show-toplevel
[2024-02-10 04:15:19.043] > git rev-parse --show-toplevel
[2024-02-10 04:15:19.102] > git rev-parse --show-toplevel
[2024-02-10 04:19:35.996] > git rev-parse --show-toplevel
[2024-02-10 04:19:36.003] Added new repo: /home/vscode/progate_path/self_introduction_commit/self_introduction
[2024-02-10 04:20:20.329] > git rev-parse --show-toplevel
[2024-02-10 04:20:22.704] > git rev-parse --show-toplevel
[2024-02-10 04:20:22.743] > git rev-parse --show-toplevel
[2024-02-10 04:20:25.226] > git rev-parse --show-toplevel
[2024-02-10 04:26:14.766] > git rev-parse --show-toplevel
[2024-02-10 04:26:14.888] > git rev-parse --show-toplevel
[2024-02-10 04:26:15.005] > git rev-parse --show-toplevel
[2024-02-10 04:26:15.135] > git rev-parse --show-toplevel
[2024-02-10 04:26:15.232] > git rev-parse --show-toplevel
[2024-02-10 04:26:15.348] > git rev-parse --show-toplevel
[2024-02-10 04:26:18.276] > git rev-parse --show-toplevel
[2024-02-10 04:26:18.430] > git rev-parse --show-toplevel
[2024-02-10 04:26:18.576] > git rev-parse --show-toplevel
[2024-02-10 04:26:18.750] > git rev-parse --show-toplevel
[2024-02-10 04:26:18.815] > git rev-parse --show-toplevel
[2024-02-10 04:26:21.530] > git rev-parse --show-toplevel
[2024-02-10 04:27:43.020] > git rev-parse --show-toplevel
[2024-02-10 04:27:43.087] > git rev-parse --show-toplevel
[2024-02-10 04:27:43.127] > git rev-parse --show-toplevel
[2024-02-10 04:27:43.130] Added new repo: /home/vscode/.progate/origins/Qr_PH_N_Be4H7SUtaiJ_t/self_introduction
[2024-02-10 04:27:43.165] > git rev-parse --show-toplevel
[2024-02-10 04:27:43.204] > git rev-parse --show-toplevel
[2024-02-10 04:27:43.324] > git rev-parse --show-toplevel
[2024-02-10 04:28:08.069] > git rev-parse --show-toplevel
[2024-02-10 04:28:08.118] > git rev-parse --show-toplevel
[2024-02-10 04:28:19.934] > git rev-parse --show-toplevel
[2024-02-10 04:28:20.116] > git rev-parse --show-toplevel
[2024-02-10 04:28:23.862] > git rev-parse --show-toplevel
[2024-02-10 04:28:23.954] > git rev-parse --show-toplevel
[2024-02-10 04:28:26.552] > git rev-parse --show-toplevel
[2024-02-10 04:28:26.627] > git rev-parse --show-toplevel
[2024-02-10 04:28:26.704] > git rev-parse --show-toplevel
[2024-02-10 04:28:26.905] > git rev-parse --show-toplevel
[2024-02-10 04:28:27.000] > git rev-parse --show-toplevel
[2024-02-10 04:29:31.378] > git rev-parse --show-toplevel
[2024-02-10 04:29:31.439] Added new repo: /home/vscode/progate_path/self_introduction_branch/self_introduction
[2024-02-10 04:30:43.839] > git rev-parse --show-toplevel
[2024-02-10 04:30:47.697] > git rev-parse --show-toplevel
[2024-02-10 04:34:19.730] > git rev-parse --show-toplevel
